The system is: Windows - 10.0.19042 - AMD64
Compiling the CXX compiler identification source file "CMakeCXXCompilerId.cpp" succeeded.
Compiler: E:/my_app/Visual Studio IDE/VC/Tools/MSVC/14.29.30133/bin/Hostx64/x64/cl.exe 
Build flags: 
Id flags:  

The output was:
0
用于 x64 的 Microsoft (R) C/C++ 优化编译器 19.29.30136 版
版权所有(C) Microsoft Corporation。保留所有权利。

CMakeCXXCompilerId.cpp
Microsoft (R) Incremental Linker Version 14.29.30136.0
Copyright (C) Microsoft Corporation.  All rights reserved.

/out:CMakeCXXCompilerId.exe 
CMakeCXXCompilerId.obj 


Compilation of the CXX compiler identification source "CMakeCXXCompilerId.cpp" produced "CMakeCXXCompilerId.exe"

Compilation of the CXX compiler identification source "CMakeCXXCompilerId.cpp" produced "CMakeCXXCompilerId.obj"

The CXX compiler identification is MSVC, found in "D:/Users/lenovo/Desktop/大三上/数据库系统原理/实验课/scudb_1/out/build/x64-Debug/CMakeFiles/3.20.21032501-MSVC_2/CompilerIdCXX/CMakeCXXCompilerId.exe"

Compiling the C compiler identification source file "CMakeCCompilerId.c" succeeded.
Compiler: E:/my_app/Visual Studio IDE/VC/Tools/MSVC/14.29.30133/bin/Hostx64/x64/cl.exe 
Build flags: 
Id flags:  

The output was:
0
用于 x64 的 Microsoft (R) C/C++ 优化编译器 19.29.30136 版
版权所有(C) Microsoft Corporation。保留所有权利。

CMakeCCompilerId.c
Microsoft (R) Incremental Linker Version 14.29.30136.0
Copyright (C) Microsoft Corporation.  All rights reserved.

/out:CMakeCCompilerId.exe 
CMakeCCompilerId.obj 


Compilation of the C compiler identification source "CMakeCCompilerId.c" produced "CMakeCCompilerId.exe"

Compilation of the C compiler identification source "CMakeCCompilerId.c" produced "CMakeCCompilerId.obj"

The C compiler identification is MSVC, found in "D:/Users/lenovo/Desktop/大三上/数据库系统原理/实验课/scudb_1/out/build/x64-Debug/CMakeFiles/3.20.21032501-MSVC_2/CompilerIdC/CMakeCCompilerId.exe"

Detecting CXX compiler ABI info compiled with the following output:
Change Dir: D:/Users/lenovo/Desktop/大三上/数据库系统原理/实验课/scudb_1/out/build/x64-Debug/CMakeFiles/CMakeTmp

Run Build Command(s):E:/my_app/Visual Studio IDE/Common7/IDE/CommonExtensions/Microsoft/CMake/Ninja/ninja.exe cmTC_59ce7 && [1/2] Building CXX object CMakeFiles\cmTC_59ce7.dir\CMakeCXXCompilerABI.cpp.obj
[2/2] Linking CXX executable cmTC_59ce7.exe



Detecting C compiler ABI info compiled with the following output:
Change Dir: D:/Users/lenovo/Desktop/大三上/数据库系统原理/实验课/scudb_1/out/build/x64-Debug/CMakeFiles/CMakeTmp

Run Build Command(s):E:/my_app/Visual Studio IDE/Common7/IDE/CommonExtensions/Microsoft/CMake/Ninja/ninja.exe cmTC_ea042 && [1/2] Building C object CMakeFiles\cmTC_ea042.dir\CMakeCCompilerABI.c.obj
[2/2] Linking C executable cmTC_ea042.exe



